2020-07-29 00:28:28 [scrapy.utils.log] INFO: Scrapy 1.6.0 started (bot: CDScraper)
2020-07-29 00:28:28 [scrapy.utils.log] INFO: Versions: lxml 4.3.0.0, libxml2 2.9.8, cssselect 1.0.3, parsel 1.5.1, w3lib 1.20.0, Twisted 19.2.0, Python 3.7.6 (default, Jan  8 2020, 19:59:22) - [GCC 7.3.0], pyOpenSSL 19.0.0 (OpenSSL 1.1.1g  21 Apr 2020), cryptography 2.6.1, Platform Linux-5.4.0-42-generic-x86_64-with-debian-bullseye-sid
2020-07-29 00:28:28 [scrapy.crawler] INFO: Overridden settings: {'BOT_NAME': 'CDScraper', 'CONCURRENT_ITEMS': '100', 'CONCURRENT_REQUESTS': '12', 'CONCURRENT_REQUESTS_PER_DOMAIN': '4', 'DEPTH_LIMIT': '2', 'DEPTH_PRIORITY': 1, 'LOG_FILE': 'logs/default/examsites/501d371cd10411eaaa330dfe2d035521.log', 'NEWSPIDER_MODULE': 'CDScraper.spiders', 'ROBOTSTXT_OBEY': True, 'SPIDER_MODULES': ['CDScraper.spiders']}
2020-07-29 00:28:28 [scrapy.extensions.telnet] INFO: Telnet Password: 58918c75b765e8eb
2020-07-29 00:28:28 [scrapy.middleware] INFO: Enabled extensions:
['scrapy.extensions.corestats.CoreStats',
 'scrapy.extensions.telnet.TelnetConsole',
 'scrapy.extensions.memusage.MemoryUsage',
 'scrapy.extensions.logstats.LogStats']
2020-07-29 00:28:28 [scrapy.middleware] INFO: Enabled downloader middlewares:
['scrapy.downloadermiddlewares.robotstxt.RobotsTxtMiddleware',
 'scrapy.downloadermiddlewares.httpauth.HttpAuthMiddleware',
 'scrapy.downloadermiddlewares.downloadtimeout.DownloadTimeoutMiddleware',
 'scrapy.downloadermiddlewares.defaultheaders.DefaultHeadersMiddleware',
 'scrapy.downloadermiddlewares.useragent.UserAgentMiddleware',
 'scrapy.downloadermiddlewares.retry.RetryMiddleware',
 'scrapy.downloadermiddlewares.redirect.MetaRefreshMiddleware',
 'scrapy.downloadermiddlewares.httpcompression.HttpCompressionMiddleware',
 'scrapy.downloadermiddlewares.redirect.RedirectMiddleware',
 'scrapy.downloadermiddlewares.cookies.CookiesMiddleware',
 'scrapy.downloadermiddlewares.httpproxy.HttpProxyMiddleware',
 'scrapy.downloadermiddlewares.stats.DownloaderStats']
2020-07-29 00:28:28 [scrapy.middleware] INFO: Enabled spider middlewares:
['scrapy.spidermiddlewares.httperror.HttpErrorMiddleware',
 'scrapy.spidermiddlewares.offsite.OffsiteMiddleware',
 'scrapy.spidermiddlewares.referer.RefererMiddleware',
 'scrapy.spidermiddlewares.urllength.UrlLengthMiddleware',
 'scrapy.spidermiddlewares.depth.DepthMiddleware']
2020-07-29 00:28:28 [scrapy.middleware] INFO: Enabled item pipelines:
['CDScraper.pipelines.CdscraperPipeline']
2020-07-29 00:28:28 [scrapy.core.engine] INFO: Spider opened
2020-07-29 00:28:28 [scrapy.extensions.logstats] INFO: Crawled 0 pages (at 0 pages/min), scraped 0 items (at 0 items/min)
2020-07-29 00:28:28 [scrapy.extensions.telnet] INFO: Telnet console listening on 127.0.0.1:6023
2020-07-29 00:28:28 [scrapy.core.engine] DEBUG: Crawled (404) <GET http://www.du.ac.in/robots.txt> (referer: None)
2020-07-29 00:28:28 [scrapy.core.engine] DEBUG: Crawled (200) <GET http://www.du.ac.in/du/uploads/COVID-19/> (referer: None)
2020-07-29 00:28:28 [scrapy.dupefilters] DEBUG: Filtered duplicate request: <GET http://www.du.ac.in/du/uploads/COVID-19/> - no more duplicates will be shown (see DUPEFILTER_DEBUG to show all duplicates)
2020-07-29 00:28:31 [scrapy.core.engine] DEBUG: Crawled (200) <GET http://www.du.ac.in/du/uploads/COVID-19/index.html> (referer: http://www.du.ac.in/du/uploads/COVID-19/)
2020-07-29 00:28:31 [scrapy.downloadermiddlewares.redirect] DEBUG: Redirecting (301) to <GET http://www.du.ac.in/du/> from <GET http://www.du.ac.in/du>
2020-07-29 00:28:33 [scrapy.core.engine] DEBUG: Crawled (200) <GET http://www.du.ac.in/du/uploads/COVID-19/examination.html> (referer: http://www.du.ac.in/du/uploads/COVID-19/)
2020-07-29 00:28:33 [scrapy.downloadermiddlewares.redirect] DEBUG: Redirecting (301) to <GET http://ioe.du.ac.in/robots.txt/> from <GET http://ioe.du.ac.in/robots.txt>
2020-07-29 00:28:33 [scrapy.core.engine] DEBUG: Crawled (200) <GET http://www.du.ac.in/du/> (referer: http://www.du.ac.in/du/uploads/COVID-19/)
2020-07-29 00:28:39 [scrapy.core.engine] DEBUG: Crawled (200) <GET https://www.instagram.com/robots.txt> (referer: None)
2020-07-29 00:28:39 [scrapy.downloadermiddlewares.robotstxt] DEBUG: Forbidden by robots.txt: <GET https://www.instagram.com/univofdelhi/>
2020-07-29 00:28:39 [scrapy.downloadermiddlewares.retry] DEBUG: Retrying <GET http://www.du.ac.in/du/index.php?page=advertisement> (failed 1 times): [<twisted.python.failure.Failure twisted.internet.error.ConnectionDone: Connection was closed cleanly.>]
2020-07-29 00:28:39 [scrapy.core.engine] DEBUG: Crawled (200) <GET http://www.du.ac.in/du/index.php?page=tenders-quotations> (referer: http://www.du.ac.in/du/uploads/COVID-19/)
2020-07-29 00:28:45 [scrapy.core.engine] DEBUG: Crawled (200) <GET http://www.du.ac.in/du/uploads/COVID-19/admissions.html> (referer: http://www.du.ac.in/du/uploads/COVID-19/)
2020-07-29 00:28:45 [scrapy.core.engine] DEBUG: Crawled (200) <GET http://www.du.ac.in/du/uploads/COVID-19/task-force.html> (referer: http://www.du.ac.in/du/uploads/COVID-19/)
2020-07-29 00:28:45 [scrapy.core.engine] DEBUG: Crawled (200) <GET http://ioe.du.ac.in/robots.txt/> (referer: None)
2020-07-29 00:28:45 [scrapy.downloadermiddlewares.retry] DEBUG: Retrying <GET http://www.du.ac.in/du/uploads/COVID-19/teaching.html> (failed 1 times): [<twisted.python.failure.Failure twisted.internet.error.ConnectionDone: Connection was closed cleanly.>]
2020-07-29 00:28:54 [scrapy.core.engine] DEBUG: Crawled (200) <GET http://exam.du.ac.in/robots.txt> (referer: None)
2020-07-29 00:28:54 [scrapy.downloadermiddlewares.retry] DEBUG: Retrying <GET http://www.du.ac.in/du/index.php?mact=News,cntnt01,detail,0&cntnt01articleid=26753&cntnt01returnid=83> (failed 1 times): [<twisted.python.failure.Failure twisted.internet.error.ConnectionDone: Connection was closed cleanly.>]
2020-07-29 00:29:01 [scrapy.crawler] INFO: Received SIGINT, shutting down gracefully. Send again to force 
2020-07-29 00:29:05 [scrapy.core.engine] INFO: Closing spider (shutdown)
2020-07-29 00:29:08 [scrapy.core.engine] DEBUG: Crawled (400) <GET https://forms.gle/robots.txt> (referer: None)
2020-07-29 00:29:08 [scrapy.downloadermiddlewares.retry] DEBUG: Retrying <GET http://www.du.ac.in/du/uploads/COVID-19/examhelpdesk.html> (failed 1 times): [<twisted.python.failure.Failure twisted.internet.error.ConnectionDone: Connection was closed cleanly.>]
2020-07-29 00:29:08 [scrapy.downloadermiddlewares.retry] DEBUG: Retrying <GET http://www.du.ac.in/du/uploads/COVID-19/datesheets.html> (failed 1 times): [<twisted.python.failure.Failure twisted.internet.error.ConnectionDone: Connection was closed cleanly.>]
2020-07-29 00:29:15 [scrapy.core.engine] DEBUG: Crawled (200) <GET http://ioe.du.ac.in/> (referer: http://www.du.ac.in/du/uploads/COVID-19/)
2020-07-29 00:29:15 [scrapy.downloadermiddlewares.retry] DEBUG: Retrying <GET http://www.du.ac.in/du/index.php?mact=News,cntnt01,detail,0&cntnt01articleid=26691&cntnt01returnid=83> (failed 1 times): [<twisted.python.failure.Failure twisted.internet.error.ConnectionDone: Connection was closed cleanly.>]
2020-07-29 00:29:20 [scrapy.downloadermiddlewares.redirect] DEBUG: Redirecting (302) to <GET https://docs.google.com/forms/d/e/1FAIpQLSekq6NP4vqtqh0_wsnVwfCoC99Rrn52LkMvjfdSgtjDgw4Y9g/viewform?usp=send_form> from <GET https://forms.gle/dtSpetio5Gq6b5cZ8>
2020-07-29 00:29:20 [scrapy.core.engine] DEBUG: Crawled (200) <GET http://exam.du.ac.in/datesheets.html> (referer: http://www.du.ac.in/du/uploads/COVID-19/)
2020-07-29 00:29:47 [scrapy.core.engine] DEBUG: Crawled (200) <GET http://exam.du.ac.in/PG-datesheets.html> (referer: http://www.du.ac.in/du/uploads/COVID-19/)
2020-07-29 00:29:47 [scrapy.extensions.logstats] INFO: Crawled 15 pages (at 15 pages/min), scraped 0 items (at 0 items/min)
2020-07-29 00:30:03 [scrapy.core.engine] DEBUG: Crawled (404) <GET https://vle.du.ac.in/robots.txt> (referer: None)
2020-07-29 00:30:03 [scrapy.core.engine] DEBUG: Crawled (200) <GET https://internshala.com/robots.txt> (referer: None)
2020-07-29 00:30:13 [scrapy.downloadermiddlewares.redirect] DEBUG: Redirecting (302) to <GET https://internshala.com/internships/work-from-home-jobs?utm_source=univ_rel&utm_medium=Delhi_Univ_Association2> from <GET https://internshala.com/i/du-virtual-internship>
2020-07-29 00:33:32 [scrapy.extensions.logstats] INFO: Crawled 17 pages (at 2 pages/min), scraped 0 items (at 0 items/min)
2020-07-29 00:33:32 [scrapy.downloadermiddlewares.retry] DEBUG: Retrying <GET https://vle.du.ac.in/> (failed 1 times): User timeout caused connection failure: Getting https://vle.du.ac.in/ took longer than 180.0 seconds..
2020-07-29 00:35:45 [scrapy.extensions.logstats] INFO: Crawled 17 pages (at 0 pages/min), scraped 0 items (at 0 items/min)
2020-07-29 00:37:07 [scrapy.extensions.logstats] INFO: Crawled 17 pages (at 0 pages/min), scraped 0 items (at 0 items/min)
2020-07-29 00:37:35 [scrapy.extensions.logstats] INFO: Crawled 17 pages (at 0 pages/min), scraped 0 items (at 0 items/min)
2020-07-29 00:38:36 [scrapy.extensions.logstats] INFO: Crawled 17 pages (at 0 pages/min), scraped 0 items (at 0 items/min)
2020-07-29 00:39:38 [scrapy.extensions.logstats] INFO: Crawled 17 pages (at 0 pages/min), scraped 0 items (at 0 items/min)
2020-07-29 00:42:07 [scrapy.extensions.logstats] INFO: Crawled 17 pages (at 0 pages/min), scraped 0 items (at 0 items/min)
2020-07-29 00:42:35 [scrapy.extensions.logstats] INFO: Crawled 17 pages (at 0 pages/min), scraped 0 items (at 0 items/min)
2020-07-29 00:44:58 [scrapy.extensions.logstats] INFO: Crawled 17 pages (at 0 pages/min), scraped 0 items (at 0 items/min)
2020-07-29 00:51:15 [scrapy.extensions.logstats] INFO: Crawled 17 pages (at 0 pages/min), scraped 0 items (at 0 items/min)
2020-07-29 00:51:37 [scrapy.extensions.logstats] INFO: Crawled 17 pages (at 0 pages/min), scraped 0 items (at 0 items/min)
2020-07-29 00:54:06 [scrapy.extensions.logstats] INFO: Crawled 17 pages (at 0 pages/min), scraped 0 items (at 0 items/min)
2020-07-29 00:54:33 [scrapy.extensions.logstats] INFO: Crawled 17 pages (at 0 pages/min), scraped 0 items (at 0 items/min)
2020-07-29 00:54:34 [scrapy.statscollectors] INFO: Dumping Scrapy stats:
{'downloader/exception_count': 8,
 'downloader/exception_type_count/scrapy.exceptions.IgnoreRequest': 1,
 'downloader/exception_type_count/twisted.internet.error.TimeoutError': 1,
 'downloader/exception_type_count/twisted.web._newclient.ResponseNeverReceived': 6,
 'downloader/request_bytes': 7974,
 'downloader/request_count': 28,
 'downloader/request_method_count/GET': 28,
 'downloader/response_bytes': 404919,
 'downloader/response_count': 21,
 'downloader/response_status_count/200': 14,
 'downloader/response_status_count/301': 2,
 'downloader/response_status_count/302': 2,
 'downloader/response_status_count/400': 1,
 'downloader/response_status_count/404': 2,
 'dupefilter/filtered': 469,
 'finish_reason': 'shutdown',
 'finish_time': datetime.datetime(2020, 7, 28, 19, 24, 34, 730896),
 'log_count/DEBUG': 30,
 'log_count/INFO': 24,
 'memusage/max': 117305344,
 'memusage/startup': 77004800,
 'request_depth_max': 2,
 'response_received_count': 17,
 'retry/count': 7,
 'retry/reason_count/twisted.internet.error.TimeoutError': 1,
 'retry/reason_count/twisted.web._newclient.ResponseNeverReceived': 6,
 'robotstxt/forbidden': 1,
 'robotstxt/request_count': 7,
 'robotstxt/response_count': 7,
 'robotstxt/response_status_count/200': 4,
 'robotstxt/response_status_count/400': 1,
 'robotstxt/response_status_count/404': 2,
 'scheduler/dequeued': 21,
 'scheduler/dequeued/memory': 21,
 'scheduler/enqueued': 432,
 'scheduler/enqueued/memory': 432,
 'start_time': datetime.datetime(2020, 7, 28, 18, 58, 28, 166220)}
2020-07-29 00:54:34 [scrapy.core.engine] INFO: Spider closed (shutdown)
