2020-07-29 00:11:35 [scrapy.utils.log] INFO: Scrapy 1.6.0 started (bot: CDScraper)
2020-07-29 00:11:35 [scrapy.utils.log] INFO: Versions: lxml 4.3.0.0, libxml2 2.9.8, cssselect 1.0.3, parsel 1.5.1, w3lib 1.20.0, Twisted 19.2.0, Python 3.7.6 (default, Jan  8 2020, 19:59:22) - [GCC 7.3.0], pyOpenSSL 19.0.0 (OpenSSL 1.1.1g  21 Apr 2020), cryptography 2.6.1, Platform Linux-5.4.0-42-generic-x86_64-with-debian-bullseye-sid
2020-07-29 00:11:36 [scrapy.crawler] INFO: Overridden settings: {'BOT_NAME': 'CDScraper', 'CONCURRENT_ITEMS': '100', 'CONCURRENT_REQUESTS': '12', 'CONCURRENT_REQUESTS_PER_DOMAIN': '4', 'DEPTH_LIMIT': '5', 'DEPTH_PRIORITY': 1, 'LOG_FILE': 'logs/default/examsites/f1a27384d10111eaa054277c0a29bf26.log', 'NEWSPIDER_MODULE': 'CDScraper.spiders', 'ROBOTSTXT_OBEY': True, 'SPIDER_MODULES': ['CDScraper.spiders']}
2020-07-29 00:11:36 [scrapy.extensions.telnet] INFO: Telnet Password: 7f9a2bc295756d3d
2020-07-29 00:11:36 [scrapy.middleware] INFO: Enabled extensions:
['scrapy.extensions.corestats.CoreStats',
 'scrapy.extensions.telnet.TelnetConsole',
 'scrapy.extensions.memusage.MemoryUsage',
 'scrapy.extensions.logstats.LogStats']
2020-07-29 00:11:36 [scrapy.middleware] INFO: Enabled downloader middlewares:
['scrapy.downloadermiddlewares.robotstxt.RobotsTxtMiddleware',
 'scrapy.downloadermiddlewares.httpauth.HttpAuthMiddleware',
 'scrapy.downloadermiddlewares.downloadtimeout.DownloadTimeoutMiddleware',
 'scrapy.downloadermiddlewares.defaultheaders.DefaultHeadersMiddleware',
 'scrapy.downloadermiddlewares.useragent.UserAgentMiddleware',
 'scrapy.downloadermiddlewares.retry.RetryMiddleware',
 'scrapy.downloadermiddlewares.redirect.MetaRefreshMiddleware',
 'scrapy.downloadermiddlewares.httpcompression.HttpCompressionMiddleware',
 'scrapy.downloadermiddlewares.redirect.RedirectMiddleware',
 'scrapy.downloadermiddlewares.cookies.CookiesMiddleware',
 'scrapy.downloadermiddlewares.httpproxy.HttpProxyMiddleware',
 'scrapy.downloadermiddlewares.stats.DownloaderStats']
2020-07-29 00:11:36 [scrapy.middleware] INFO: Enabled spider middlewares:
['scrapy.spidermiddlewares.httperror.HttpErrorMiddleware',
 'scrapy.spidermiddlewares.offsite.OffsiteMiddleware',
 'scrapy.spidermiddlewares.referer.RefererMiddleware',
 'scrapy.spidermiddlewares.urllength.UrlLengthMiddleware',
 'scrapy.spidermiddlewares.depth.DepthMiddleware']
2020-07-29 00:11:36 [scrapy.middleware] INFO: Enabled item pipelines:
['CDScraper.pipelines.CdscraperPipeline']
2020-07-29 00:11:36 [scrapy.core.engine] INFO: Spider opened
2020-07-29 00:11:36 [scrapy.extensions.logstats] INFO: Crawled 0 pages (at 0 pages/min), scraped 0 items (at 0 items/min)
2020-07-29 00:11:36 [scrapy.extensions.telnet] INFO: Telnet console listening on 127.0.0.1:6035
2020-07-29 00:11:36 [scrapy.core.engine] DEBUG: Crawled (404) <GET http://www.du.ac.in/robots.txt> (referer: None)
2020-07-29 00:11:37 [scrapy.core.engine] DEBUG: Crawled (200) <GET http://www.du.ac.in/du/uploads/COVID-19/> (referer: None)
2020-07-29 00:11:37 [scrapy.dupefilters] DEBUG: Filtered duplicate request: <GET http://www.du.ac.in/du/uploads/COVID-19/> - no more duplicates will be shown (see DUPEFILTER_DEBUG to show all duplicates)
2020-07-29 00:11:47 [scrapy.downloadermiddlewares.retry] DEBUG: Retrying <GET http://www.du.ac.in/du/uploads/COVID-19/admissions.html> (failed 1 times): [<twisted.python.failure.Failure twisted.internet.error.ConnectionDone: Connection was closed cleanly.>]
2020-07-29 00:11:47 [scrapy.downloadermiddlewares.retry] DEBUG: Retrying <GET http://www.du.ac.in/du/uploads/COVID-19/teaching.html> (failed 1 times): [<twisted.python.failure.Failure twisted.internet.error.ConnectionDone: Connection was closed cleanly.>]
2020-07-29 00:11:47 [scrapy.downloadermiddlewares.retry] DEBUG: Retrying <GET http://www.du.ac.in/du/uploads/COVID-19/task-force.html> (failed 1 times): [<twisted.python.failure.Failure twisted.internet.error.ConnectionDone: Connection was closed cleanly.>]
2020-07-29 00:11:47 [scrapy.core.engine] DEBUG: Crawled (200) <GET http://www.du.ac.in/du/> (referer: http://www.du.ac.in/du/uploads/COVID-19/)
2020-07-29 00:11:47 [scrapy.downloadermiddlewares.redirect] DEBUG: Redirecting (301) to <GET http://ioe.du.ac.in/robots.txt/> from <GET http://ioe.du.ac.in/robots.txt>
2020-07-29 00:11:54 [scrapy.core.engine] DEBUG: Crawled (200) <GET http://app.du.ac.in/robots.txt> (referer: None)
2020-07-29 00:11:54 [scrapy.core.engine] DEBUG: Crawled (200) <GET http://www.du.ac.in/du/uploads/COVID-19/index.html> (referer: http://www.du.ac.in/du/uploads/COVID-19/)
2020-07-29 00:11:54 [scrapy.downloadermiddlewares.redirect] DEBUG: Redirecting (301) to <GET http://www.du.ac.in/du/> from <GET http://www.du.ac.in/du>
2020-07-29 00:11:54 [scrapy.downloadermiddlewares.retry] DEBUG: Retrying <GET http://www.du.ac.in/du/index.php?page=advertisement> (failed 1 times): [<twisted.python.failure.Failure twisted.internet.error.ConnectionDone: Connection was closed cleanly.>]
2020-07-29 00:11:59 [scrapy.downloadermiddlewares.redirect] DEBUG: Redirecting (301) to <GET http://app.du.ac.in/covid19/> from <GET http://app.du.ac.in/covid19>
2020-07-29 00:12:01 [scrapy.core.engine] DEBUG: Crawled (200) <GET https://www.instagram.com/robots.txt> (referer: None)
2020-07-29 00:12:01 [scrapy.downloadermiddlewares.robotstxt] DEBUG: Forbidden by robots.txt: <GET https://www.instagram.com/univofdelhi/>
2020-07-29 00:12:01 [scrapy.core.engine] DEBUG: Crawled (200) <GET http://ioe.du.ac.in/robots.txt/> (referer: None)
2020-07-29 00:12:03 [scrapy.core.engine] DEBUG: Crawled (200) <GET http://www.du.ac.in/du/index.php?page=tenders-quotations> (referer: http://www.du.ac.in/du/uploads/COVID-19/)
2020-07-29 00:12:03 [scrapy.core.engine] DEBUG: Crawled (200) <GET https://twitter.com/robots.txt> (referer: None)
2020-07-29 00:12:03 [scrapy.core.engine] DEBUG: Crawled (200) <GET http://www.du.ac.in/du/uploads/COVID-19/examination.html> (referer: http://www.du.ac.in/du/uploads/COVID-19/)
2020-07-29 00:12:03 [scrapy.core.engine] DEBUG: Crawled (200) <GET http://exam.du.ac.in/robots.txt> (referer: None)
2020-07-29 00:12:06 [scrapy.core.engine] DEBUG: Crawled (200) <GET https://twitter.com/univofdelhi> (referer: http://www.du.ac.in/du/uploads/COVID-19/)
2020-07-29 00:12:06 [scrapy.core.engine] DEBUG: Crawled (200) <GET http://exam.du.ac.in/datesheets.html> (referer: http://www.du.ac.in/du/uploads/COVID-19/)
2020-07-29 00:12:06 [scrapy.downloadermiddlewares.redirect] DEBUG: Redirecting (302) to <GET http://app.du.ac.in/covid19/index.php/pmcare/app/create> from <GET http://app.du.ac.in/covid19/>
2020-07-29 00:12:06 [scrapy.core.engine] DEBUG: Crawled (200) <GET http://www.du.ac.in/du/uploads/COVID-19/examhelpdesk.html> (referer: http://www.du.ac.in/du/uploads/COVID-19/)
2020-07-29 00:12:09 [scrapy.core.engine] DEBUG: Crawled (200) <GET http://ioe.du.ac.in/> (referer: http://www.du.ac.in/du/uploads/COVID-19/)
2020-07-29 00:12:12 [scrapy.core.engine] DEBUG: Crawled (400) <GET https://forms.gle/robots.txt> (referer: None)
2020-07-29 00:12:12 [scrapy.core.engine] DEBUG: Crawled (200) <GET http://app.du.ac.in/covid19/index.php/pmcare/app/create> (referer: http://www.du.ac.in/du/uploads/COVID-19/)
2020-07-29 00:12:12 [scrapy.downloadermiddlewares.retry] DEBUG: Retrying <GET http://www.du.ac.in/du/uploads/COVID-19/datesheets.html> (failed 1 times): [<twisted.python.failure.Failure twisted.internet.error.ConnectionDone: Connection was closed cleanly.>]
2020-07-29 00:12:20 [scrapy.downloadermiddlewares.retry] DEBUG: Retrying <GET http://www.du.ac.in/du/index.php?mact=News,cntnt01,detail,0&cntnt01articleid=26735&cntnt01returnid=83> (failed 1 times): [<twisted.python.failure.Failure twisted.internet.error.ConnectionDone: Connection was closed cleanly.>]
2020-07-29 00:12:22 [scrapy.downloadermiddlewares.redirect] DEBUG: Redirecting (302) to <GET https://docs.google.com/forms/d/e/1FAIpQLSekq6NP4vqtqh0_wsnVwfCoC99Rrn52LkMvjfdSgtjDgw4Y9g/viewform?usp=send_form> from <GET https://forms.gle/dtSpetio5Gq6b5cZ8>
2020-07-29 00:12:22 [scrapy.downloadermiddlewares.retry] DEBUG: Retrying <GET http://www.du.ac.in/du/index.php?mact=News,cntnt01,detail,0&cntnt01articleid=26691&cntnt01returnid=83> (failed 1 times): [<twisted.python.failure.Failure twisted.internet.error.ConnectionDone: Connection was closed cleanly.>]
2020-07-29 00:12:37 [scrapy.core.engine] DEBUG: Crawled (200) <GET https://internshala.com/robots.txt> (referer: None)
2020-07-29 00:12:37 [scrapy.core.engine] DEBUG: Crawled (200) <GET http://www.du.ac.in/du/index.php?mact=News,cntnt01,detail,0&cntnt01articleid=26817&cntnt01returnid=83> (referer: http://www.du.ac.in/du/uploads/COVID-19/)
2020-07-29 00:12:37 [scrapy.downloadermiddlewares.retry] DEBUG: Retrying <GET http://www.du.ac.in/du/index.php?mact=News,cntnt01,detail,0&cntnt01articleid=26819&cntnt01returnid=83> (failed 1 times): [<twisted.python.failure.Failure twisted.internet.error.ConnectionDone: Connection was closed cleanly.>]
2020-07-29 00:12:38 [scrapy.extensions.logstats] INFO: Crawled 19 pages (at 19 pages/min), scraped 0 items (at 0 items/min)
2020-07-29 00:12:41 [scrapy.core.engine] DEBUG: Crawled (404) <GET https://vle.du.ac.in/robots.txt> (referer: None)
2020-07-29 00:12:41 [scrapy.core.engine] DEBUG: Crawled (200) <GET http://exam.du.ac.in/PG-datesheets.html> (referer: http://www.du.ac.in/du/uploads/COVID-19/)
2020-07-29 00:12:43 [scrapy.downloadermiddlewares.redirect] DEBUG: Redirecting (302) to <GET https://internshala.com/internships/work-from-home-jobs?utm_source=univ_rel&utm_medium=Delhi_Univ_Association2> from <GET https://internshala.com/i/du-virtual-internship>
2020-07-29 00:12:43 [scrapy.core.engine] DEBUG: Crawled (200) <GET http://www.du.ac.in/du/index.php?mact=News,cntnt01,detail,0&cntnt01articleid=26804&cntnt01returnid=83> (referer: http://www.du.ac.in/du/uploads/COVID-19/)
2020-07-29 00:12:50 [scrapy.downloadermiddlewares.retry] DEBUG: Retrying <GET http://www.du.ac.in/du/index.php?mact=News,cntnt01,detail,0&cntnt01articleid=26784&cntnt01returnid=83> (failed 1 times): [<twisted.python.failure.Failure twisted.internet.error.ConnectionDone: Connection was closed cleanly.>]
2020-07-29 00:12:50 [scrapy.downloadermiddlewares.retry] DEBUG: Retrying <GET http://www.du.ac.in/du/index.php?page=webinar-covid-19-and-the-challenges-of-the-visually-impaired> (failed 1 times): [<twisted.python.failure.Failure twisted.internet.error.ConnectionDone: Connection was closed cleanly.>]
2020-07-29 00:12:57 [scrapy.core.engine] DEBUG: Crawled (200) <GET https://internshala.com/internships/work-from-home-jobs?utm_source=univ_rel&utm_medium=Delhi_Univ_Association2> (referer: http://www.du.ac.in/du/uploads/COVID-19/)
2020-07-29 00:12:57 [scrapy.downloadermiddlewares.retry] DEBUG: Retrying <GET http://www.du.ac.in/du/index.php?mact=News,cntnt01,detail,0&cntnt01articleid=26786&cntnt01returnid=83> (failed 1 times): [<twisted.python.failure.Failure twisted.internet.error.ConnectionDone: Connection was closed cleanly.>]
2020-07-29 00:12:58 [scrapy.crawler] INFO: Received SIGINT, shutting down gracefully. Send again to force 
2020-07-29 00:13:08 [scrapy.downloadermiddlewares.retry] DEBUG: Retrying <GET https://docs.google.com/robots.txt> (failed 1 times): [<twisted.python.failure.Failure twisted.internet.error.ConnectionLost: Connection to the other side was lost in a non-clean fashion: Connection lost.>]
2020-07-29 00:13:08 [scrapy.core.engine] INFO: Closing spider (shutdown)
2020-07-29 00:13:11 [scrapy.core.engine] DEBUG: Crawled (200) <GET https://casevents.webex.com/robots.txt> (referer: None)
2020-07-29 00:13:11 [scrapy.downloadermiddlewares.robotstxt] DEBUG: Forbidden by robots.txt: <GET https://casevents.webex.com/mw3300/mywebex/default.do?service=7&nomenu=true&main_url=%2Ftc3300%2Ftrainingcenter%2FLoading.do%3Fsiteurl%3Dcasevents%26UID%3D-99999999%26RT%3DMiM0MQ%253D%253D%26siteurl%3Dcasevents%26apiname%3Dj.php%26MTID%3Dt15ba555b5bd678c696ef4fb5f7efef8a%26FM%3D1%26rnd%3D3355312249%26servicename%3DTC%26ED%3D987112697%26needFilter%3Dfalse&siteurl=casevents>
2020-07-29 00:13:11 [scrapy.downloadermiddlewares.retry] DEBUG: Retrying <GET http://www.du.ac.in/du/index.php?mact=News,cntnt01,detail,0&cntnt01articleid=26773&cntnt01returnid=83> (failed 1 times): [<twisted.python.failure.Failure twisted.internet.error.ConnectionDone: Connection was closed cleanly.>]
2020-07-29 00:13:11 [scrapy.downloadermiddlewares.retry] DEBUG: Retrying <GET http://www.du.ac.in/du/index.php?mact=News,cntnt01,detail,0&cntnt01articleid=26755&cntnt01returnid=83> (failed 1 times): [<twisted.python.failure.Failure twisted.internet.error.ConnectionDone: Connection was closed cleanly.>]
2020-07-29 00:13:11 [scrapy.downloadermiddlewares.retry] DEBUG: Retrying <GET http://www.du.ac.in/du/index.php?page=appeal-online-teaching-learning-for-the-benefit-of-students> (failed 1 times): [<twisted.python.failure.Failure twisted.internet.error.ConnectionDone: Connection was closed cleanly.>]
2020-07-29 00:13:15 [scrapy.downloadermiddlewares.retry] DEBUG: Retrying <GET http://www.du.ac.in/du/index.php?mact=News,cntnt01,detail,0&cntnt01articleid=26751&cntnt01returnid=83> (failed 1 times): [<twisted.python.failure.Failure twisted.internet.error.ConnectionDone: Connection was closed cleanly.>]
2020-07-29 00:17:04 [scrapy.downloadermiddlewares.retry] DEBUG: Retrying <GET https://docs.google.com/robots.txt> (failed 2 times): [<twisted.python.failure.Failure twisted.internet.error.ConnectionLost: Connection to the other side was lost in a non-clean fashion: Connection lost.>]
2020-07-29 00:17:05 [scrapy.extensions.logstats] INFO: Crawled 24 pages (at 5 pages/min), scraped 0 items (at 0 items/min)
2020-07-29 00:17:05 [scrapy.downloadermiddlewares.retry] DEBUG: Retrying <GET https://vle.du.ac.in/> (failed 1 times): User timeout caused connection failure: Getting https://vle.du.ac.in/ took longer than 180.0 seconds..
2020-07-29 00:17:05 [scrapy.downloadermiddlewares.retry] DEBUG: Retrying <GET http://www.du.ac.in/du/index.php?mact=News,cntnt01,detail,0&cntnt01articleid=26754&cntnt01returnid=83> (failed 1 times): User timeout caused connection failure: Getting http://www.du.ac.in/du/index.php?mact=News,cntnt01,detail,0&cntnt01articleid=26754&cntnt01returnid=83 took longer than 180.0 seconds..
2020-07-29 00:17:05 [scrapy.downloadermiddlewares.retry] DEBUG: Retrying <GET http://www.du.ac.in/du/uploads/COVID-19/www.du.ac.in/du/index.php?mact=News,cntnt01,detail,0&cntnt01articleid=26734&cntnt01returnid=83> (failed 1 times): User timeout caused connection failure: Getting http://www.du.ac.in/du/uploads/COVID-19/www.du.ac.in/du/index.php?mact=News,cntnt01,detail,0&cntnt01articleid=26734&cntnt01returnid=83 took longer than 180.0 seconds..
2020-07-29 00:17:05 [scrapy.downloadermiddlewares.retry] DEBUG: Retrying <GET http://www.du.ac.in/du/index.php?mact=News,cntnt01,detail,0&cntnt01articleid=26747&cntnt01returnid=83> (failed 1 times): User timeout caused connection failure: Getting http://www.du.ac.in/du/index.php?mact=News,cntnt01,detail,0&cntnt01articleid=26747&cntnt01returnid=83 took longer than 180.0 seconds..
2020-07-29 00:17:14 [scrapy.core.engine] DEBUG: Crawled (200) <GET https://docs.google.com/robots.txt> (referer: None)
2020-07-29 00:17:19 [scrapy.core.engine] DEBUG: Crawled (200) <GET https://docs.google.com/forms/d/e/1FAIpQLSekq6NP4vqtqh0_wsnVwfCoC99Rrn52LkMvjfdSgtjDgw4Y9g/viewform?usp=send_form> (referer: http://www.du.ac.in/du/uploads/COVID-19/)
2020-07-29 00:18:08 [scrapy.extensions.logstats] INFO: Crawled 26 pages (at 2 pages/min), scraped 0 items (at 0 items/min)
2020-07-29 00:19:11 [scrapy.extensions.logstats] INFO: Crawled 26 pages (at 0 pages/min), scraped 0 items (at 0 items/min)
2020-07-29 00:20:05 [scrapy.extensions.logstats] INFO: Crawled 26 pages (at 0 pages/min), scraped 0 items (at 0 items/min)
2020-07-29 00:20:47 [scrapy.extensions.logstats] INFO: Crawled 26 pages (at 0 pages/min), scraped 0 items (at 0 items/min)
2020-07-29 00:21:49 [scrapy.extensions.logstats] INFO: Crawled 26 pages (at 0 pages/min), scraped 0 items (at 0 items/min)
2020-07-29 00:22:44 [scrapy.extensions.logstats] INFO: Crawled 26 pages (at 0 pages/min), scraped 0 items (at 0 items/min)
2020-07-29 00:25:54 [scrapy.extensions.logstats] INFO: Crawled 26 pages (at 0 pages/min), scraped 0 items (at 0 items/min)
2020-07-29 00:30:36 [scrapy.extensions.logstats] INFO: Crawled 26 pages (at 0 pages/min), scraped 0 items (at 0 items/min)
2020-07-29 00:31:25 [scrapy.extensions.logstats] INFO: Crawled 26 pages (at 0 pages/min), scraped 0 items (at 0 items/min)
2020-07-29 00:37:13 [scrapy.extensions.logstats] INFO: Crawled 26 pages (at 0 pages/min), scraped 0 items (at 0 items/min)
2020-07-29 00:37:37 [scrapy.extensions.logstats] INFO: Crawled 26 pages (at 0 pages/min), scraped 0 items (at 0 items/min)
2020-07-29 00:39:58 [scrapy.extensions.logstats] INFO: Crawled 26 pages (at 0 pages/min), scraped 0 items (at 0 items/min)
2020-07-29 00:40:29 [scrapy.statscollectors] INFO: Dumping Scrapy stats:
{'downloader/exception_count': 23,
 'downloader/exception_type_count/scrapy.exceptions.IgnoreRequest': 2,
 'downloader/exception_type_count/twisted.internet.error.TimeoutError': 4,
 'downloader/exception_type_count/twisted.web._newclient.ResponseNeverReceived': 17,
 'downloader/request_bytes': 17217,
 'downloader/request_count': 53,
 'downloader/request_method_count/GET': 53,
 'downloader/response_bytes': 528932,
 'downloader/response_count': 32,
 'downloader/response_status_count/200': 23,
 'downloader/response_status_count/301': 3,
 'downloader/response_status_count/302': 3,
 'downloader/response_status_count/400': 1,
 'downloader/response_status_count/404': 2,
 'dupefilter/filtered': 954,
 'finish_reason': 'shutdown',
 'finish_time': datetime.datetime(2020, 7, 28, 19, 10, 29, 448654),
 'log_count/DEBUG': 56,
 'log_count/INFO': 24,
 'memusage/max': 123559936,
 'memusage/startup': 76988416,
 'request_depth_max': 2,
 'response_received_count': 26,
 'retry/count': 21,
 'retry/reason_count/twisted.internet.error.TimeoutError': 4,
 'retry/reason_count/twisted.web._newclient.ResponseNeverReceived': 17,
 'robotstxt/forbidden': 2,
 'robotstxt/request_count': 11,
 'robotstxt/response_count': 11,
 'robotstxt/response_status_count/200': 8,
 'robotstxt/response_status_count/400': 1,
 'robotstxt/response_status_count/404': 2,
 'scheduler/dequeued': 41,
 'scheduler/dequeued/memory': 41,
 'scheduler/enqueued': 604,
 'scheduler/enqueued/memory': 604,
 'start_time': datetime.datetime(2020, 7, 28, 18, 41, 36, 584775)}
2020-07-29 00:40:29 [scrapy.core.engine] INFO: Spider closed (shutdown)
