2020-07-29 00:04:32 [scrapy.utils.log] INFO: Scrapy 1.6.0 started (bot: CDScraper)
2020-07-29 00:04:32 [scrapy.utils.log] INFO: Versions: lxml 4.3.0.0, libxml2 2.9.8, cssselect 1.0.3, parsel 1.5.1, w3lib 1.20.0, Twisted 19.2.0, Python 3.7.6 (default, Jan  8 2020, 19:59:22) - [GCC 7.3.0], pyOpenSSL 19.0.0 (OpenSSL 1.1.1g  21 Apr 2020), cryptography 2.6.1, Platform Linux-5.4.0-42-generic-x86_64-with-debian-bullseye-sid
2020-07-29 00:04:32 [scrapy.crawler] INFO: Overridden settings: {'BOT_NAME': 'CDScraper', 'CONCURRENT_ITEMS': '100', 'CONCURRENT_REQUESTS': '12', 'CONCURRENT_REQUESTS_PER_DOMAIN': '4', 'DEPTH_LIMIT': '5', 'DEPTH_PRIORITY': 1, 'LOG_FILE': 'logs/default/examsites/f8deb834d10011ea907901623fe1527e.log', 'NEWSPIDER_MODULE': 'CDScraper.spiders', 'ROBOTSTXT_OBEY': True, 'SPIDER_MODULES': ['CDScraper.spiders']}
2020-07-29 00:04:32 [scrapy.extensions.telnet] INFO: Telnet Password: 93fa55c1ff496ca2
2020-07-29 00:04:32 [scrapy.middleware] INFO: Enabled extensions:
['scrapy.extensions.corestats.CoreStats',
 'scrapy.extensions.telnet.TelnetConsole',
 'scrapy.extensions.memusage.MemoryUsage',
 'scrapy.extensions.logstats.LogStats']
2020-07-29 00:04:32 [scrapy.middleware] INFO: Enabled downloader middlewares:
['scrapy.downloadermiddlewares.robotstxt.RobotsTxtMiddleware',
 'scrapy.downloadermiddlewares.httpauth.HttpAuthMiddleware',
 'scrapy.downloadermiddlewares.downloadtimeout.DownloadTimeoutMiddleware',
 'scrapy.downloadermiddlewares.defaultheaders.DefaultHeadersMiddleware',
 'scrapy.downloadermiddlewares.useragent.UserAgentMiddleware',
 'scrapy.downloadermiddlewares.retry.RetryMiddleware',
 'scrapy.downloadermiddlewares.redirect.MetaRefreshMiddleware',
 'scrapy.downloadermiddlewares.httpcompression.HttpCompressionMiddleware',
 'scrapy.downloadermiddlewares.redirect.RedirectMiddleware',
 'scrapy.downloadermiddlewares.cookies.CookiesMiddleware',
 'scrapy.downloadermiddlewares.httpproxy.HttpProxyMiddleware',
 'scrapy.downloadermiddlewares.stats.DownloaderStats']
2020-07-29 00:04:32 [scrapy.middleware] INFO: Enabled spider middlewares:
['scrapy.spidermiddlewares.httperror.HttpErrorMiddleware',
 'scrapy.spidermiddlewares.offsite.OffsiteMiddleware',
 'scrapy.spidermiddlewares.referer.RefererMiddleware',
 'scrapy.spidermiddlewares.urllength.UrlLengthMiddleware',
 'scrapy.spidermiddlewares.depth.DepthMiddleware']
2020-07-29 00:04:32 [scrapy.middleware] INFO: Enabled item pipelines:
['CDScraper.pipelines.CdscraperPipeline']
2020-07-29 00:04:32 [scrapy.core.engine] INFO: Spider opened
2020-07-29 00:04:32 [scrapy.extensions.logstats] INFO: Crawled 0 pages (at 0 pages/min), scraped 0 items (at 0 items/min)
2020-07-29 00:04:32 [scrapy.extensions.telnet] INFO: Telnet console listening on 127.0.0.1:6029
2020-07-29 00:04:32 [scrapy.core.engine] DEBUG: Crawled (404) <GET http://www.du.ac.in/robots.txt> (referer: None)
2020-07-29 00:04:32 [scrapy.core.engine] DEBUG: Crawled (200) <GET http://www.du.ac.in/du/uploads/COVID-19/> (referer: None)
2020-07-29 00:04:32 [scrapy.dupefilters] DEBUG: Filtered duplicate request: <GET http://www.du.ac.in/du/uploads/COVID-19/> - no more duplicates will be shown (see DUPEFILTER_DEBUG to show all duplicates)
2020-07-29 00:04:35 [scrapy.core.engine] DEBUG: Crawled (200) <GET http://www.du.ac.in/du/> (referer: http://www.du.ac.in/du/uploads/COVID-19/)
2020-07-29 00:04:35 [scrapy.core.engine] DEBUG: Crawled (200) <GET http://www.du.ac.in/du/uploads/COVID-19/admissions.html> (referer: http://www.du.ac.in/du/uploads/COVID-19/)
2020-07-29 00:04:36 [scrapy.downloadermiddlewares.redirect] DEBUG: Redirecting (301) to <GET http://www.du.ac.in/du/> from <GET http://www.du.ac.in/du>
2020-07-29 00:04:36 [scrapy.core.engine] DEBUG: Crawled (200) <GET http://www.du.ac.in/du/uploads/COVID-19/task-force.html> (referer: http://www.du.ac.in/du/uploads/COVID-19/)
2020-07-29 00:04:36 [scrapy.core.engine] DEBUG: Crawled (200) <GET http://www.du.ac.in/du/uploads/COVID-19/index.html> (referer: http://www.du.ac.in/du/uploads/COVID-19/)
2020-07-29 00:04:36 [scrapy.core.engine] DEBUG: Crawled (200) <GET http://www.du.ac.in/du/uploads/COVID-19/teaching.html> (referer: http://www.du.ac.in/du/uploads/COVID-19/)
2020-07-29 00:04:47 [scrapy.downloadermiddlewares.redirect] DEBUG: Redirecting (301) to <GET http://ioe.du.ac.in/robots.txt/> from <GET http://ioe.du.ac.in/robots.txt>
2020-07-29 00:04:47 [scrapy.core.engine] DEBUG: Crawled (200) <GET https://www.instagram.com/robots.txt> (referer: None)
2020-07-29 00:04:47 [scrapy.downloadermiddlewares.robotstxt] DEBUG: Forbidden by robots.txt: <GET https://www.instagram.com/univofdelhi/>
2020-07-29 00:04:48 [scrapy.core.engine] DEBUG: Crawled (200) <GET http://ioe.du.ac.in/robots.txt/> (referer: None)
2020-07-29 00:04:51 [scrapy.core.engine] DEBUG: Crawled (200) <GET http://www.du.ac.in/du/uploads/COVID-19/examination.html> (referer: http://www.du.ac.in/du/uploads/COVID-19/)
2020-07-29 00:04:51 [scrapy.core.engine] DEBUG: Crawled (200) <GET http://www.du.ac.in/du/index.php?page=advertisement> (referer: http://www.du.ac.in/du/uploads/COVID-19/)
2020-07-29 00:04:51 [scrapy.core.engine] DEBUG: Crawled (200) <GET http://www.du.ac.in/du/index.php?mact=News,cntnt01,detail,0&cntnt01articleid=26828&cntnt01returnid=83> (referer: http://www.du.ac.in/du/uploads/COVID-19/)
2020-07-29 00:04:56 [scrapy.core.engine] DEBUG: Crawled (200) <GET http://www.du.ac.in/du/index.php?mact=News,cntnt01,detail,0&cntnt01articleid=26735&cntnt01returnid=83> (referer: http://www.du.ac.in/du/uploads/COVID-19/)
2020-07-29 00:05:03 [scrapy.core.engine] DEBUG: Crawled (400) <GET https://forms.gle/robots.txt> (referer: None)
2020-07-29 00:05:03 [scrapy.core.engine] DEBUG: Crawled (200) <GET http://www.du.ac.in/du/index.php?page=tenders-quotations> (referer: http://www.du.ac.in/du/uploads/COVID-19/)
2020-07-29 00:05:03 [scrapy.core.engine] DEBUG: Crawled (200) <GET http://ioe.du.ac.in/> (referer: http://www.du.ac.in/du/uploads/COVID-19/)
2020-07-29 00:05:03 [scrapy.downloadermiddlewares.retry] DEBUG: Retrying <GET http://www.du.ac.in/du/index.php?mact=News,cntnt01,detail,0&cntnt01articleid=26691&cntnt01returnid=83> (failed 1 times): [<twisted.python.failure.Failure twisted.internet.error.ConnectionDone: Connection was closed cleanly.>]
2020-07-29 00:05:03 [scrapy.downloadermiddlewares.retry] DEBUG: Retrying <GET http://www.du.ac.in/du/uploads/COVID-19/examhelpdesk.html> (failed 1 times): [<twisted.python.failure.Failure twisted.internet.error.ConnectionDone: Connection was closed cleanly.>]
2020-07-29 00:05:17 [scrapy.downloadermiddlewares.redirect] DEBUG: Redirecting (302) to <GET https://docs.google.com/forms/d/e/1FAIpQLSekq6NP4vqtqh0_wsnVwfCoC99Rrn52LkMvjfdSgtjDgw4Y9g/viewform?usp=send_form> from <GET https://forms.gle/dtSpetio5Gq6b5cZ8>
2020-07-29 00:05:17 [scrapy.downloadermiddlewares.retry] DEBUG: Retrying <GET http://www.du.ac.in/du/uploads/COVID-19/datesheets.html> (failed 1 times): [<twisted.python.failure.Failure twisted.internet.error.ConnectionDone: Connection was closed cleanly.>]
2020-07-29 00:05:21 [scrapy.core.engine] DEBUG: Crawled (200) <GET http://exam.du.ac.in/robots.txt> (referer: None)
2020-07-29 00:05:27 [scrapy.core.engine] DEBUG: Crawled (200) <GET https://internshala.com/robots.txt> (referer: None)
2020-07-29 00:05:27 [scrapy.core.engine] DEBUG: Crawled (200) <GET http://www.du.ac.in/du/index.php?mact=News,cntnt01,detail,0&cntnt01articleid=26819&cntnt01returnid=83> (referer: http://www.du.ac.in/du/uploads/COVID-19/)
2020-07-29 00:05:27 [scrapy.downloadermiddlewares.retry] DEBUG: Retrying <GET http://www.du.ac.in/du/index.php?mact=News,cntnt01,detail,0&cntnt01articleid=26817&cntnt01returnid=83> (failed 1 times): [<twisted.python.failure.Failure twisted.internet.error.ConnectionDone: Connection was closed cleanly.>]
2020-07-29 00:05:29 [scrapy.core.engine] DEBUG: Crawled (404) <GET https://vle.du.ac.in/robots.txt> (referer: None)
2020-07-29 00:05:32 [scrapy.downloadermiddlewares.redirect] DEBUG: Redirecting (302) to <GET https://internshala.com/internships/work-from-home-jobs?utm_source=univ_rel&utm_medium=Delhi_Univ_Association2> from <GET https://internshala.com/i/du-virtual-internship>
2020-07-29 00:05:35 [scrapy.extensions.logstats] INFO: Crawled 20 pages (at 20 pages/min), scraped 0 items (at 0 items/min)
2020-07-29 00:05:36 [scrapy.core.engine] DEBUG: Crawled (404) <GET http://www.du.ac.in/du/index.php?mact=News,cntnt01,detail,0&cntnt01articleid=26786&cntnt01returnid=83> (referer: http://www.du.ac.in/du/uploads/COVID-19/)
2020-07-29 00:05:41 [scrapy.downloadermiddlewares.retry] DEBUG: Retrying <GET https://docs.google.com/robots.txt> (failed 1 times): [<twisted.python.failure.Failure twisted.internet.error.ConnectionLost: Connection to the other side was lost in a non-clean fashion: Connection lost.>]
2020-07-29 00:05:41 [scrapy.core.engine] DEBUG: Crawled (200) <GET http://www.du.ac.in/du/index.php?page=webinar-covid-19-and-the-challenges-of-the-visually-impaired> (referer: http://www.du.ac.in/du/uploads/COVID-19/)
2020-07-29 00:05:41 [scrapy.core.engine] DEBUG: Crawled (200) <GET http://www.du.ac.in/du/index.php?page=appeal-online-teaching-learning-for-the-benefit-of-students> (referer: http://www.du.ac.in/du/uploads/COVID-19/)
2020-07-29 00:05:41 [scrapy.core.engine] DEBUG: Crawled (200) <GET https://internshala.com/internships/work-from-home-jobs?utm_source=univ_rel&utm_medium=Delhi_Univ_Association2> (referer: http://www.du.ac.in/du/uploads/COVID-19/)
2020-07-29 00:05:41 [scrapy.downloadermiddlewares.retry] DEBUG: Retrying <GET http://www.du.ac.in/du/index.php?mact=News,cntnt01,detail,0&cntnt01articleid=26773&cntnt01returnid=83> (failed 1 times): [<twisted.python.failure.Failure twisted.internet.error.ConnectionDone: Connection was closed cleanly.>]
2020-07-29 00:05:42 [scrapy.spidermiddlewares.httperror] INFO: Ignoring response <404 http://www.du.ac.in/du/index.php?mact=News,cntnt01,detail,0&cntnt01articleid=26786&cntnt01returnid=83>: HTTP status code is not handled or not allowed
2020-07-29 00:05:48 [scrapy.core.engine] DEBUG: Crawled (200) <GET https://casevents.webex.com/robots.txt> (referer: None)
2020-07-29 00:05:48 [scrapy.downloadermiddlewares.robotstxt] DEBUG: Forbidden by robots.txt: <GET https://casevents.webex.com/mw3300/mywebex/default.do?service=7&nomenu=true&main_url=%2Ftc3300%2Ftrainingcenter%2FLoading.do%3Fsiteurl%3Dcasevents%26UID%3D-99999999%26RT%3DMiM0MQ%253D%253D%26siteurl%3Dcasevents%26apiname%3Dj.php%26MTID%3Dt15ba555b5bd678c696ef4fb5f7efef8a%26FM%3D1%26rnd%3D3355312249%26servicename%3DTC%26ED%3D987112697%26needFilter%3Dfalse&siteurl=casevents>
2020-07-29 00:05:48 [scrapy.core.engine] DEBUG: Crawled (200) <GET http://exam.du.ac.in/PG-datesheets.html> (referer: http://www.du.ac.in/du/uploads/COVID-19/)
2020-07-29 00:05:55 [scrapy.core.engine] DEBUG: Crawled (200) <GET http://www.du.ac.in/du/index.php?mact=News,cntnt01,detail,0&cntnt01articleid=26755&cntnt01returnid=83> (referer: http://www.du.ac.in/du/uploads/COVID-19/)
2020-07-29 00:05:55 [scrapy.downloadermiddlewares.retry] DEBUG: Retrying <GET http://www.du.ac.in/du/index.php?mact=News,cntnt01,detail,0&cntnt01articleid=26720&cntnt01returnid=83> (failed 1 times): [<twisted.python.failure.Failure twisted.internet.error.ConnectionDone: Connection was closed cleanly.>]
2020-07-29 00:05:55 [scrapy.downloadermiddlewares.retry] DEBUG: Retrying <GET http://www.du.ac.in/du/uploads/COVID-19/www.du.ac.in/du/index.php?mact=News,cntnt01,detail,0&cntnt01articleid=26734&cntnt01returnid=83> (failed 1 times): [<twisted.python.failure.Failure twisted.internet.error.ConnectionDone: Connection was closed cleanly.>]
2020-07-29 00:05:55 [scrapy.downloadermiddlewares.retry] DEBUG: Retrying <GET http://www.du.ac.in/du/index.php?mact=News,cntnt01,detail,0&cntnt01articleid=26662&cntnt01returnid=83> (failed 1 times): [<twisted.python.failure.Failure twisted.internet.error.ConnectionDone: Connection was closed cleanly.>]
2020-07-29 00:05:59 [scrapy.downloadermiddlewares.retry] DEBUG: Retrying <GET https://docs.google.com/robots.txt> (failed 2 times): [<twisted.python.failure.Failure twisted.internet.error.ConnectionLost: Connection to the other side was lost in a non-clean fashion: Connection lost.>]
2020-07-29 00:06:02 [scrapy.core.engine] DEBUG: Crawled (200) <GET https://vle.du.ac.in/> (referer: http://www.du.ac.in/du/uploads/COVID-19/)
2020-07-29 00:06:02 [scrapy.core.engine] DEBUG: Crawled (200) <GET http://exam.du.ac.in/datesheets.html> (referer: http://www.du.ac.in/du/uploads/COVID-19/)
2020-07-29 00:06:07 [scrapy.crawler] INFO: Received SIGINT, shutting down gracefully. Send again to force 
2020-07-29 00:08:30 [scrapy.downloadermiddlewares.retry] DEBUG: Retrying <GET http://www.du.ac.in/du/index.php?mact=News,cntnt01,detail,0&cntnt01articleid=26748&cntnt01returnid=83> (failed 1 times): [<twisted.python.failure.Failure twisted.internet.error.ConnectionDone: Connection was closed cleanly.>]
2020-07-29 00:08:30 [scrapy.downloadermiddlewares.retry] DEBUG: Retrying <GET http://www.du.ac.in/du/index.php?mact=News,cntnt01,detail,0&cntnt01articleid=26754&cntnt01returnid=83> (failed 1 times): [<twisted.python.failure.Failure twisted.internet.error.ConnectionDone: Connection was closed cleanly.>]
2020-07-29 00:08:30 [scrapy.downloadermiddlewares.retry] DEBUG: Retrying <GET http://www.du.ac.in/du/index.php?mact=News,cntnt01,detail,0&cntnt01articleid=26751&cntnt01returnid=83> (failed 1 times): [<twisted.python.failure.Failure twisted.internet.error.ConnectionDone: Connection was closed cleanly.>]
2020-07-29 00:08:30 [scrapy.core.engine] INFO: Closing spider (shutdown)
2020-07-29 00:08:37 [scrapy.extensions.logstats] INFO: Crawled 29 pages (at 9 pages/min), scraped 0 items (at 0 items/min)
2020-07-29 00:08:46 [scrapy.downloadermiddlewares.retry] DEBUG: Gave up retrying <GET https://docs.google.com/robots.txt> (failed 3 times): [<twisted.python.failure.Failure twisted.internet.error.ConnectionLost: Connection to the other side was lost in a non-clean fashion: Connection lost.>]
2020-07-29 00:08:46 [scrapy.downloadermiddlewares.robotstxt] ERROR: Error downloading <GET https://docs.google.com/robots.txt>: [<twisted.python.failure.Failure twisted.internet.error.ConnectionLost: Connection to the other side was lost in a non-clean fashion: Connection lost.>]
Traceback (most recent call last):
  File "/home/shivam/anaconda3/lib/python3.7/site-packages/scrapy/core/downloader/middleware.py", line 43, in process_request
    defer.returnValue((yield download_func(request=request,spider=spider)))
twisted.web._newclient.ResponseNeverReceived: [<twisted.python.failure.Failure twisted.internet.error.ConnectionLost: Connection to the other side was lost in a non-clean fashion: Connection lost.>]
2020-07-29 00:08:46 [scrapy.downloadermiddlewares.retry] DEBUG: Retrying <GET http://www.du.ac.in/du/index.php?mact=News,cntnt01,detail,0&cntnt01articleid=26747&cntnt01returnid=83> (failed 1 times): [<twisted.python.failure.Failure twisted.internet.error.ConnectionDone: Connection was closed cleanly.>]
2020-07-29 00:08:46 [scrapy.downloadermiddlewares.retry] DEBUG: Retrying <GET https://twitter.com/robots.txt> (failed 1 times): [<twisted.python.failure.Failure twisted.internet.error.ConnectionLost: Connection to the other side was lost in a non-clean fashion: Connection lost.>]
2020-07-29 00:09:15 [scrapy.downloadermiddlewares.retry] DEBUG: Retrying <GET http://www.du.ac.in/du/index.php?mact=News,cntnt01,detail,0&cntnt01articleid=26742&cntnt01returnid=83> (failed 1 times): [<twisted.python.failure.Failure twisted.internet.error.ConnectionDone: Connection was closed cleanly.>]
2020-07-29 00:09:15 [scrapy.downloadermiddlewares.retry] DEBUG: Retrying <GET http://www.du.ac.in/du/index.php?mact=News,cntnt01,detail,0&cntnt01articleid=26753&cntnt01returnid=83> (failed 1 times): [<twisted.python.failure.Failure twisted.internet.error.ConnectionDone: Connection was closed cleanly.>]
2020-07-29 00:09:16 [scrapy.downloadermiddlewares.retry] DEBUG: Retrying <GET https://facebook.com/robots.txt> (failed 1 times): User timeout caused connection failure: Getting https://facebook.com/robots.txt took longer than 180.0 seconds..
2020-07-29 00:09:19 [scrapy.downloadermiddlewares.retry] DEBUG: Retrying <GET https://docs.google.com/forms/d/e/1FAIpQLSekq6NP4vqtqh0_wsnVwfCoC99Rrn52LkMvjfdSgtjDgw4Y9g/viewform?usp=send_form> (failed 1 times): [<twisted.python.failure.Failure twisted.internet.error.ConnectionLost: Connection to the other side was lost in a non-clean fashion: Connection lost.>]
2020-07-29 00:09:31 [scrapy.core.engine] DEBUG: Crawled (200) <GET https://facebook.com/robots.txt> (referer: None)
2020-07-29 00:09:31 [scrapy.downloadermiddlewares.robotstxt] DEBUG: Forbidden by robots.txt: <GET https://facebook.com/universityofdelhi>
2020-07-29 00:09:31 [scrapy.core.engine] DEBUG: Crawled (200) <GET https://twitter.com/robots.txt> (referer: None)
2020-07-29 00:09:39 [scrapy.extensions.logstats] INFO: Crawled 31 pages (at 2 pages/min), scraped 0 items (at 0 items/min)
2020-07-29 00:11:52 [scrapy.core.engine] DEBUG: Crawled (200) <GET https://twitter.com/univofdelhi> (referer: http://www.du.ac.in/du/uploads/COVID-19/)
2020-07-29 00:11:53 [scrapy.extensions.logstats] INFO: Crawled 32 pages (at 1 pages/min), scraped 0 items (at 0 items/min)
2020-07-29 00:13:26 [scrapy.extensions.logstats] INFO: Crawled 32 pages (at 0 pages/min), scraped 0 items (at 0 items/min)
2020-07-29 00:13:56 [scrapy.extensions.logstats] INFO: Crawled 32 pages (at 0 pages/min), scraped 0 items (at 0 items/min)
2020-07-29 00:14:34 [scrapy.extensions.logstats] INFO: Crawled 32 pages (at 0 pages/min), scraped 0 items (at 0 items/min)
2020-07-29 00:16:02 [scrapy.extensions.logstats] INFO: Crawled 32 pages (at 0 pages/min), scraped 0 items (at 0 items/min)
2020-07-29 00:16:40 [scrapy.extensions.logstats] INFO: Crawled 32 pages (at 0 pages/min), scraped 0 items (at 0 items/min)
2020-07-29 00:17:52 [scrapy.extensions.logstats] INFO: Crawled 32 pages (at 0 pages/min), scraped 0 items (at 0 items/min)
2020-07-29 00:18:42 [scrapy.extensions.logstats] INFO: Crawled 32 pages (at 0 pages/min), scraped 0 items (at 0 items/min)
2020-07-29 00:21:39 [scrapy.extensions.logstats] INFO: Crawled 32 pages (at 0 pages/min), scraped 0 items (at 0 items/min)
2020-07-29 00:24:32 [scrapy.extensions.logstats] INFO: Crawled 32 pages (at 0 pages/min), scraped 0 items (at 0 items/min)
2020-07-29 00:31:14 [scrapy.extensions.logstats] INFO: Crawled 32 pages (at 0 pages/min), scraped 0 items (at 0 items/min)
2020-07-29 00:31:56 [scrapy.extensions.logstats] INFO: Crawled 32 pages (at 0 pages/min), scraped 0 items (at 0 items/min)
2020-07-29 00:33:00 [scrapy.extensions.logstats] INFO: Crawled 32 pages (at 0 pages/min), scraped 0 items (at 0 items/min)
2020-07-29 00:35:48 [scrapy.extensions.logstats] INFO: Crawled 32 pages (at 0 pages/min), scraped 0 items (at 0 items/min)
2020-07-29 00:36:32 [scrapy.extensions.logstats] INFO: Crawled 32 pages (at 0 pages/min), scraped 0 items (at 0 items/min)
2020-07-29 00:36:34 [scrapy.statscollectors] INFO: Dumping Scrapy stats:
{'downloader/exception_count': 23,
 'downloader/exception_type_count/scrapy.exceptions.IgnoreRequest': 3,
 'downloader/exception_type_count/twisted.internet.error.TimeoutError': 1,
 'downloader/exception_type_count/twisted.web._newclient.ResponseNeverReceived': 19,
 'downloader/request_bytes': 18221,
 'downloader/request_count': 56,
 'downloader/request_method_count/GET': 56,
 'downloader/response_bytes': 596310,
 'downloader/response_count': 36,
 'downloader/response_status_count/200': 28,
 'downloader/response_status_count/301': 2,
 'downloader/response_status_count/302': 2,
 'downloader/response_status_count/400': 1,
 'downloader/response_status_count/404': 3,
 'dupefilter/filtered': 1940,
 'finish_reason': 'shutdown',
 'finish_time': datetime.datetime(2020, 7, 28, 19, 6, 34, 68177),
 'httperror/response_ignored_count': 1,
 'httperror/response_ignored_status_count/404': 1,
 'log_count/DEBUG': 60,
 'log_count/ERROR': 1,
 'log_count/INFO': 29,
 'memusage/max': 132976640,
 'memusage/startup': 77107200,
 'request_depth_max': 2,
 'response_received_count': 32,
 'retry/count': 19,
 'retry/max_reached': 1,
 'retry/reason_count/twisted.internet.error.TimeoutError': 1,
 'retry/reason_count/twisted.web._newclient.ResponseNeverReceived': 18,
 "robotstxt/exception_count/<class 'twisted.web._newclient.ResponseNeverReceived'>": 1,
 'robotstxt/forbidden': 3,
 'robotstxt/request_count': 11,
 'robotstxt/response_count': 10,
 'robotstxt/response_status_count/200': 7,
 'robotstxt/response_status_count/400': 1,
 'robotstxt/response_status_count/404': 2,
 'scheduler/dequeued': 43,
 'scheduler/dequeued/memory': 43,
 'scheduler/enqueued': 1309,
 'scheduler/enqueued/memory': 1309,
 'start_time': datetime.datetime(2020, 7, 28, 18, 34, 32, 289853)}
2020-07-29 00:36:34 [scrapy.core.engine] INFO: Spider closed (shutdown)
