2020-07-29 00:26:12 [scrapy.utils.log] INFO: Scrapy 1.6.0 started (bot: CDScraper)
2020-07-29 00:26:12 [scrapy.utils.log] INFO: Versions: lxml 4.3.0.0, libxml2 2.9.8, cssselect 1.0.3, parsel 1.5.1, w3lib 1.20.0, Twisted 19.2.0, Python 3.7.6 (default, Jan  8 2020, 19:59:22) - [GCC 7.3.0], pyOpenSSL 19.0.0 (OpenSSL 1.1.1g  21 Apr 2020), cryptography 2.6.1, Platform Linux-5.4.0-42-generic-x86_64-with-debian-bullseye-sid
2020-07-29 00:26:12 [scrapy.crawler] INFO: Overridden settings: {'BOT_NAME': 'CDScraper', 'CONCURRENT_ITEMS': '100', 'CONCURRENT_REQUESTS': '12', 'CONCURRENT_REQUESTS_PER_DOMAIN': '4', 'DEPTH_LIMIT': '2', 'DEPTH_PRIORITY': 1, 'LOG_FILE': 'logs/default/examsites/ff711018d10311ea9074ed605d3c3432.log', 'NEWSPIDER_MODULE': 'CDScraper.spiders', 'ROBOTSTXT_OBEY': True, 'SPIDER_MODULES': ['CDScraper.spiders']}
2020-07-29 00:26:12 [scrapy.extensions.telnet] INFO: Telnet Password: 0828a563c5e1c4f8
2020-07-29 00:26:12 [scrapy.middleware] INFO: Enabled extensions:
['scrapy.extensions.corestats.CoreStats',
 'scrapy.extensions.telnet.TelnetConsole',
 'scrapy.extensions.memusage.MemoryUsage',
 'scrapy.extensions.logstats.LogStats']
2020-07-29 00:26:12 [scrapy.middleware] INFO: Enabled downloader middlewares:
['scrapy.downloadermiddlewares.robotstxt.RobotsTxtMiddleware',
 'scrapy.downloadermiddlewares.httpauth.HttpAuthMiddleware',
 'scrapy.downloadermiddlewares.downloadtimeout.DownloadTimeoutMiddleware',
 'scrapy.downloadermiddlewares.defaultheaders.DefaultHeadersMiddleware',
 'scrapy.downloadermiddlewares.useragent.UserAgentMiddleware',
 'scrapy.downloadermiddlewares.retry.RetryMiddleware',
 'scrapy.downloadermiddlewares.redirect.MetaRefreshMiddleware',
 'scrapy.downloadermiddlewares.httpcompression.HttpCompressionMiddleware',
 'scrapy.downloadermiddlewares.redirect.RedirectMiddleware',
 'scrapy.downloadermiddlewares.cookies.CookiesMiddleware',
 'scrapy.downloadermiddlewares.httpproxy.HttpProxyMiddleware',
 'scrapy.downloadermiddlewares.stats.DownloaderStats']
2020-07-29 00:26:12 [scrapy.middleware] INFO: Enabled spider middlewares:
['scrapy.spidermiddlewares.httperror.HttpErrorMiddleware',
 'scrapy.spidermiddlewares.offsite.OffsiteMiddleware',
 'scrapy.spidermiddlewares.referer.RefererMiddleware',
 'scrapy.spidermiddlewares.urllength.UrlLengthMiddleware',
 'scrapy.spidermiddlewares.depth.DepthMiddleware']
2020-07-29 00:26:12 [scrapy.middleware] INFO: Enabled item pipelines:
['CDScraper.pipelines.CdscraperPipeline']
2020-07-29 00:26:12 [scrapy.core.engine] INFO: Spider opened
2020-07-29 00:26:12 [scrapy.extensions.logstats] INFO: Crawled 0 pages (at 0 pages/min), scraped 0 items (at 0 items/min)
2020-07-29 00:26:12 [scrapy.extensions.telnet] INFO: Telnet console listening on 127.0.0.1:6024
2020-07-29 00:26:12 [scrapy.core.engine] DEBUG: Crawled (404) <GET http://www.du.ac.in/robots.txt> (referer: None)
2020-07-29 00:26:12 [scrapy.core.engine] DEBUG: Crawled (200) <GET http://www.du.ac.in/du/uploads/COVID-19/> (referer: None)
2020-07-29 00:26:13 [scrapy.dupefilters] DEBUG: Filtered duplicate request: <GET http://www.du.ac.in/du/uploads/COVID-19/> - no more duplicates will be shown (see DUPEFILTER_DEBUG to show all duplicates)
2020-07-29 00:26:18 [scrapy.downloadermiddlewares.redirect] DEBUG: Redirecting (301) to <GET http://www.du.ac.in/du/> from <GET http://www.du.ac.in/du>
2020-07-29 00:26:18 [scrapy.core.engine] DEBUG: Crawled (200) <GET http://www.du.ac.in/du/uploads/COVID-19/examination.html> (referer: http://www.du.ac.in/du/uploads/COVID-19/)
2020-07-29 00:26:18 [scrapy.core.engine] DEBUG: Crawled (200) <GET http://www.du.ac.in/du/index.php?page=advertisement> (referer: http://www.du.ac.in/du/uploads/COVID-19/)
2020-07-29 00:26:21 [scrapy.core.engine] DEBUG: Crawled (200) <GET https://facebook.com/robots.txt> (referer: None)
2020-07-29 00:26:21 [scrapy.downloadermiddlewares.robotstxt] DEBUG: Forbidden by robots.txt: <GET https://facebook.com/universityofdelhi>
2020-07-29 00:26:21 [scrapy.core.engine] DEBUG: Crawled (200) <GET http://www.du.ac.in/du/uploads/COVID-19/admissions.html> (referer: http://www.du.ac.in/du/uploads/COVID-19/)
2020-07-29 00:26:21 [scrapy.core.engine] DEBUG: Crawled (200) <GET http://www.du.ac.in/du/uploads/COVID-19/task-force.html> (referer: http://www.du.ac.in/du/uploads/COVID-19/)
2020-07-29 00:26:21 [scrapy.downloadermiddlewares.redirect] DEBUG: Redirecting (301) to <GET http://ioe.du.ac.in/robots.txt/> from <GET http://ioe.du.ac.in/robots.txt>
2020-07-29 00:26:21 [scrapy.core.engine] DEBUG: Crawled (200) <GET http://www.du.ac.in/du/uploads/COVID-19/teaching.html> (referer: http://www.du.ac.in/du/uploads/COVID-19/)
2020-07-29 00:26:27 [scrapy.core.engine] DEBUG: Crawled (200) <GET http://www.du.ac.in/du/index.php?page=tenders-quotations> (referer: http://www.du.ac.in/du/uploads/COVID-19/)
2020-07-29 00:26:36 [scrapy.downloadermiddlewares.retry] DEBUG: Retrying <GET http://www.du.ac.in/du/> (failed 1 times): [<twisted.python.failure.Failure twisted.internet.error.ConnectionDone: Connection was closed cleanly.>]
2020-07-29 00:26:36 [scrapy.downloadermiddlewares.retry] DEBUG: Retrying <GET http://www.du.ac.in/du/uploads/COVID-19/index.html> (failed 1 times): [<twisted.python.failure.Failure twisted.internet.error.ConnectionDone: Connection was closed cleanly.>]
2020-07-29 00:26:36 [scrapy.downloadermiddlewares.retry] DEBUG: Retrying <GET http://www.du.ac.in/du/uploads/COVID-19/datesheets.html> (failed 1 times): [<twisted.python.failure.Failure twisted.internet.error.ConnectionDone: Connection was closed cleanly.>]
2020-07-29 00:26:40 [scrapy.core.engine] DEBUG: Crawled (200) <GET http://exam.du.ac.in/robots.txt> (referer: None)
2020-07-29 00:26:40 [scrapy.core.engine] DEBUG: Crawled (200) <GET http://ioe.du.ac.in/robots.txt/> (referer: None)
2020-07-29 00:26:46 [scrapy.downloadermiddlewares.retry] DEBUG: Retrying <GET http://www.du.ac.in/du/index.php?mact=News,cntnt01,detail,0&cntnt01articleid=26691&cntnt01returnid=83> (failed 1 times): [<twisted.python.failure.Failure twisted.internet.error.ConnectionDone: Connection was closed cleanly.>]
2020-07-29 00:26:48 [scrapy.core.engine] DEBUG: Crawled (400) <GET https://forms.gle/robots.txt> (referer: None)
2020-07-29 00:26:54 [scrapy.downloadermiddlewares.redirect] DEBUG: Redirecting (302) to <GET https://docs.google.com/forms/d/e/1FAIpQLSekq6NP4vqtqh0_wsnVwfCoC99Rrn52LkMvjfdSgtjDgw4Y9g/viewform?usp=send_form> from <GET https://forms.gle/dtSpetio5Gq6b5cZ8>
2020-07-29 00:26:54 [scrapy.core.engine] DEBUG: Crawled (200) <GET http://exam.du.ac.in/datesheets.html> (referer: http://www.du.ac.in/du/uploads/COVID-19/)
2020-07-29 00:26:54 [scrapy.downloadermiddlewares.retry] DEBUG: Retrying <GET http://www.du.ac.in/du/uploads/COVID-19/examhelpdesk.html> (failed 1 times): [<twisted.python.failure.Failure twisted.internet.error.ConnectionDone: Connection was closed cleanly.>]
2020-07-29 00:26:54 [scrapy.downloadermiddlewares.retry] DEBUG: Retrying <GET http://www.du.ac.in/du/index.php?mact=News,cntnt01,detail,0&cntnt01articleid=26735&cntnt01returnid=83> (failed 1 times): [<twisted.python.failure.Failure twisted.internet.error.ConnectionDone: Connection was closed cleanly.>]
2020-07-29 00:26:56 [scrapy.core.engine] DEBUG: Crawled (200) <GET http://ioe.du.ac.in/> (referer: http://www.du.ac.in/du/uploads/COVID-19/)
2020-07-29 00:26:56 [scrapy.core.engine] DEBUG: Crawled (200) <GET http://www.du.ac.in/du/index.php?mact=News,cntnt01,detail,0&cntnt01articleid=26817&cntnt01returnid=83> (referer: http://www.du.ac.in/du/uploads/COVID-19/)
2020-07-29 00:26:58 [scrapy.core.engine] DEBUG: Crawled (200) <GET https://internshala.com/robots.txt> (referer: None)
2020-07-29 00:26:58 [scrapy.core.engine] DEBUG: Crawled (200) <GET http://exam.du.ac.in/PG-datesheets.html> (referer: http://www.du.ac.in/du/uploads/COVID-19/)
2020-07-29 00:27:04 [scrapy.downloadermiddlewares.retry] DEBUG: Retrying <GET http://www.du.ac.in/du/index.php?page=appeal-online-teaching-learning-for-the-benefit-of-students> (failed 1 times): [<twisted.python.failure.Failure twisted.internet.error.ConnectionDone: Connection was closed cleanly.>]
2020-07-29 00:27:05 [scrapy.core.engine] DEBUG: Crawled (404) <GET https://vle.du.ac.in/robots.txt> (referer: None)
2020-07-29 00:27:05 [scrapy.downloadermiddlewares.redirect] DEBUG: Redirecting (302) to <GET https://internshala.com/internships/work-from-home-jobs?utm_source=univ_rel&utm_medium=Delhi_Univ_Association2> from <GET https://internshala.com/i/du-virtual-internship>
2020-07-29 00:27:06 [scrapy.core.engine] DEBUG: Crawled (200) <GET http://www.du.ac.in/du/index.php?page=webinar-covid-19-and-the-challenges-of-the-visually-impaired> (referer: http://www.du.ac.in/du/uploads/COVID-19/)
2020-07-29 00:27:08 [scrapy.crawler] INFO: Received SIGINT, shutting down gracefully. Send again to force 
2020-07-29 00:27:09 [scrapy.downloadermiddlewares.retry] DEBUG: Retrying <GET https://docs.google.com/robots.txt> (failed 1 times): [<twisted.python.failure.Failure twisted.internet.error.ConnectionLost: Connection to the other side was lost in a non-clean fashion: Connection lost.>]
2020-07-29 00:27:09 [scrapy.core.engine] DEBUG: Crawled (200) <GET https://vle.du.ac.in/> (referer: http://www.du.ac.in/du/uploads/COVID-19/)
2020-07-29 00:27:09 [scrapy.core.engine] DEBUG: Crawled (404) <GET http://www.du.ac.in/du/index.php?mact=News,cntnt01,detail,0&cntnt01articleid=26786&cntnt01returnid=83> (referer: http://www.du.ac.in/du/uploads/COVID-19/)
2020-07-29 00:27:09 [scrapy.core.engine] DEBUG: Crawled (200) <GET http://www.du.ac.in/du/index.php?mact=News,cntnt01,detail,0&cntnt01articleid=26773&cntnt01returnid=83> (referer: http://www.du.ac.in/du/uploads/COVID-19/)
2020-07-29 00:27:09 [scrapy.core.engine] DEBUG: Crawled (200) <GET https://internshala.com/internships/work-from-home-jobs?utm_source=univ_rel&utm_medium=Delhi_Univ_Association2> (referer: http://www.du.ac.in/du/uploads/COVID-19/)
2020-07-29 00:27:09 [scrapy.core.engine] INFO: Closing spider (shutdown)
2020-07-29 00:27:15 [scrapy.core.engine] DEBUG: Crawled (200) <GET https://casevents.webex.com/robots.txt> (referer: None)
2020-07-29 00:27:15 [scrapy.downloadermiddlewares.robotstxt] DEBUG: Forbidden by robots.txt: <GET https://casevents.webex.com/mw3300/mywebex/default.do?service=7&nomenu=true&main_url=%2Ftc3300%2Ftrainingcenter%2FLoading.do%3Fsiteurl%3Dcasevents%26UID%3D-99999999%26RT%3DMiM0MQ%253D%253D%26siteurl%3Dcasevents%26apiname%3Dj.php%26MTID%3Dt15ba555b5bd678c696ef4fb5f7efef8a%26FM%3D1%26rnd%3D3355312249%26servicename%3DTC%26ED%3D987112697%26needFilter%3Dfalse&siteurl=casevents>
2020-07-29 00:27:15 [scrapy.core.engine] DEBUG: Crawled (200) <GET http://www.du.ac.in/du/index.php?mact=News,cntnt01,detail,0&cntnt01articleid=26755&cntnt01returnid=83> (referer: http://www.du.ac.in/du/uploads/COVID-19/)
2020-07-29 00:27:15 [scrapy.core.engine] DEBUG: Crawled (200) <GET http://www.du.ac.in/du/index.php?mact=News,cntnt01,detail,0&cntnt01articleid=26819&cntnt01returnid=83> (referer: http://www.du.ac.in/du/uploads/COVID-19/)
2020-07-29 00:27:15 [scrapy.spidermiddlewares.httperror] INFO: Ignoring response <404 http://www.du.ac.in/du/index.php?mact=News,cntnt01,detail,0&cntnt01articleid=26786&cntnt01returnid=83>: HTTP status code is not handled or not allowed
2020-07-29 00:27:17 [scrapy.extensions.logstats] INFO: Crawled 26 pages (at 26 pages/min), scraped 0 items (at 0 items/min)
2020-07-29 00:31:40 [scrapy.downloadermiddlewares.retry] DEBUG: Retrying <GET http://www.du.ac.in/du/index.php?mact=News,cntnt01,detail,0&cntnt01articleid=26747&cntnt01returnid=83> (failed 1 times): [<twisted.python.failure.Failure twisted.internet.error.ConnectionDone: Connection was closed cleanly.>]
2020-07-29 00:31:40 [scrapy.downloadermiddlewares.retry] DEBUG: Retrying <GET http://www.du.ac.in/du/index.php?mact=News,cntnt01,detail,0&cntnt01articleid=26751&cntnt01returnid=83> (failed 1 times): [<twisted.python.failure.Failure twisted.internet.error.ConnectionDone: Connection was closed cleanly.>]
2020-07-29 00:31:41 [scrapy.extensions.logstats] INFO: Crawled 26 pages (at 0 pages/min), scraped 0 items (at 0 items/min)
2020-07-29 00:31:41 [scrapy.downloadermiddlewares.retry] DEBUG: Retrying <GET https://docs.google.com/robots.txt> (failed 2 times): User timeout caused connection failure: Getting https://docs.google.com/robots.txt took longer than 180.0 seconds..
2020-07-29 00:31:58 [scrapy.downloadermiddlewares.retry] DEBUG: Gave up retrying <GET https://docs.google.com/robots.txt> (failed 3 times): [<twisted.python.failure.Failure twisted.internet.error.ConnectionLost: Connection to the other side was lost in a non-clean fashion: Connection lost.>]
2020-07-29 00:31:58 [scrapy.downloadermiddlewares.robotstxt] ERROR: Error downloading <GET https://docs.google.com/robots.txt>: [<twisted.python.failure.Failure twisted.internet.error.ConnectionLost: Connection to the other side was lost in a non-clean fashion: Connection lost.>]
Traceback (most recent call last):
  File "/home/shivam/anaconda3/lib/python3.7/site-packages/scrapy/core/downloader/middleware.py", line 43, in process_request
    defer.returnValue((yield download_func(request=request,spider=spider)))
twisted.web._newclient.ResponseNeverReceived: [<twisted.python.failure.Failure twisted.internet.error.ConnectionLost: Connection to the other side was lost in a non-clean fashion: Connection lost.>]
2020-07-29 00:32:14 [scrapy.extensions.logstats] INFO: Crawled 26 pages (at 0 pages/min), scraped 0 items (at 0 items/min)
2020-07-29 00:32:18 [scrapy.downloadermiddlewares.retry] DEBUG: Retrying <GET https://docs.google.com/forms/d/e/1FAIpQLSekq6NP4vqtqh0_wsnVwfCoC99Rrn52LkMvjfdSgtjDgw4Y9g/viewform?usp=send_form> (failed 1 times): [<twisted.python.failure.Failure twisted.internet.error.ConnectionLost: Connection to the other side was lost in a non-clean fashion: Connection lost.>]
2020-07-29 00:33:38 [scrapy.extensions.logstats] INFO: Crawled 26 pages (at 0 pages/min), scraped 0 items (at 0 items/min)
2020-07-29 00:35:16 [scrapy.extensions.logstats] INFO: Crawled 26 pages (at 0 pages/min), scraped 0 items (at 0 items/min)
2020-07-29 00:36:13 [scrapy.extensions.logstats] INFO: Crawled 26 pages (at 0 pages/min), scraped 0 items (at 0 items/min)
2020-07-29 00:37:14 [scrapy.extensions.logstats] INFO: Crawled 26 pages (at 0 pages/min), scraped 0 items (at 0 items/min)
2020-07-29 00:38:24 [scrapy.extensions.logstats] INFO: Crawled 26 pages (at 0 pages/min), scraped 0 items (at 0 items/min)
2020-07-29 00:40:57 [scrapy.extensions.logstats] INFO: Crawled 26 pages (at 0 pages/min), scraped 0 items (at 0 items/min)
2020-07-29 00:41:23 [scrapy.extensions.logstats] INFO: Crawled 26 pages (at 0 pages/min), scraped 0 items (at 0 items/min)
2020-07-29 00:43:48 [scrapy.extensions.logstats] INFO: Crawled 26 pages (at 0 pages/min), scraped 0 items (at 0 items/min)
2020-07-29 00:49:39 [scrapy.extensions.logstats] INFO: Crawled 26 pages (at 0 pages/min), scraped 0 items (at 0 items/min)
2020-07-29 00:50:13 [scrapy.extensions.logstats] INFO: Crawled 26 pages (at 0 pages/min), scraped 0 items (at 0 items/min)
2020-07-29 00:52:41 [scrapy.extensions.logstats] INFO: Crawled 26 pages (at 0 pages/min), scraped 0 items (at 0 items/min)
2020-07-29 00:53:12 [scrapy.statscollectors] INFO: Dumping Scrapy stats:
{'downloader/exception_count': 15,
 'downloader/exception_type_count/scrapy.exceptions.IgnoreRequest': 2,
 'downloader/exception_type_count/twisted.internet.error.TimeoutError': 1,
 'downloader/exception_type_count/twisted.web._newclient.ResponseNeverReceived': 12,
 'downloader/request_bytes': 13761,
 'downloader/request_count': 43,
 'downloader/request_method_count/GET': 43,
 'downloader/response_bytes': 530002,
 'downloader/response_count': 30,
 'downloader/response_status_count/200': 22,
 'downloader/response_status_count/301': 2,
 'downloader/response_status_count/302': 2,
 'downloader/response_status_count/400': 1,
 'downloader/response_status_count/404': 3,
 'dupefilter/filtered': 1480,
 'finish_reason': 'shutdown',
 'finish_time': datetime.datetime(2020, 7, 28, 19, 23, 12, 694758),
 'httperror/response_ignored_count': 1,
 'httperror/response_ignored_status_count/404': 1,
 'log_count/DEBUG': 46,
 'log_count/ERROR': 1,
 'log_count/INFO': 25,
 'memusage/max': 128208896,
 'memusage/startup': 76959744,
 'request_depth_max': 2,
 'response_received_count': 26,
 'retry/count': 12,
 'retry/max_reached': 1,
 'retry/reason_count/twisted.internet.error.TimeoutError': 1,
 'retry/reason_count/twisted.web._newclient.ResponseNeverReceived': 11,
 "robotstxt/exception_count/<class 'twisted.web._newclient.ResponseNeverReceived'>": 1,
 'robotstxt/forbidden': 2,
 'robotstxt/request_count': 9,
 'robotstxt/response_count': 8,
 'robotstxt/response_status_count/200': 5,
 'robotstxt/response_status_count/400': 1,
 'robotstxt/response_status_count/404': 2,
 'scheduler/dequeued': 33,
 'scheduler/dequeued/memory': 33,
 'scheduler/enqueued': 1179,
 'scheduler/enqueued/memory': 1179,
 'start_time': datetime.datetime(2020, 7, 28, 18, 56, 12, 748008)}
2020-07-29 00:53:12 [scrapy.core.engine] INFO: Spider closed (shutdown)
